        -:    0:Source:dynamic_array_test.cpp
        -:    0:Graph:./dynamic_array_test.gcno
        -:    0:Data:./dynamic_array_test.gcda
        -:    0:Runs:3
        -:    0:Programs:1
        -:    1:#include <gtest/gtest.h>
        -:    2:#include "dynamic_array.h"
        -:    3:
function _ZN16DynamicArrayTestC2Ev called 3 returned 100% blocks executed 100%
function _ZN16DynamicArrayTestD1Ev called 0 returned 0% blocks executed 0%
function _ZN16DynamicArrayTestD0Ev called 0 returned 0% blocks executed 0%
function _ZN16DynamicArrayTestD2Ev called 3 returned 100% blocks executed 100%
        -:    4:class DynamicArrayTest : public ::testing::Test {
        -:    5:protected:
function _ZN16DynamicArrayTest5SetUpEv called 3 returned 100% blocks executed 100%
        3:    6:    void SetUp() override {}
function _ZN16DynamicArrayTest8TearDownEv called 3 returned 100% blocks executed 100%
        3:    7:    void TearDown() override {}
        -:    8:};
        -:    9:
function _ZN39DynamicArrayTest_InitialSizeIsZero_Test8TestBodyEv called 1 returned 100% blocks executed 31%
function _ZN39DynamicArrayTest_InitialSizeIsZero_TestD1Ev called 1 returned 100% blocks executed 100%
function _ZN39DynamicArrayTest_InitialSizeIsZero_TestD0Ev called 1 returned 100% blocks executed 100%
function _ZN39DynamicArrayTest_InitialSizeIsZero_TestC1Ev called 1 returned 100% blocks executed 100%
function _ZN39DynamicArrayTest_InitialSizeIsZero_TestC2Ev called 1 returned 100% blocks executed 100%
function _ZN39DynamicArrayTest_InitialSizeIsZero_TestD2Ev called 1 returned 100% blocks executed 100%
        9:   10:TEST_F(DynamicArrayTest, InitialSizeIsZero) {
branch  0 taken 100%
branch  1 taken 0%
branch  2 taken 100%
branch  3 taken 0%
branch  4 taken 100%
branch  5 taken 0%
branch  6 taken 100%
branch  7 taken 0%
branch  8 taken 100%
branch  9 taken 0%
branch 10 taken 100%
branch 11 taken 0%
branch 12 taken 100%
branch 13 taken 0%
branch 14 taken 100%
branch 15 taken 0%
        1:   11:DynamicArray<int> arr;
        1:   12:EXPECT_EQ(arr.GetSize(), 0);
branch  0 taken 100%
branch  1 taken 0%
branch  2 taken 100%
branch  3 taken 0%
branch  4 taken 100%
branch  5 taken 0%
branch  6 taken 0%
branch  7 taken 100%
branch  8 never executed
branch  9 never executed
branch 10 never executed
branch 11 never executed
branch 12 never executed
branch 13 never executed
branch 14 never executed
branch 15 never executed
        1:   13:}
        -:   14:
function _ZN43DynamicArrayTest_PushBackIncreasesSize_Test8TestBodyEv called 1 returned 100% blocks executed 36%
function _ZN43DynamicArrayTest_PushBackIncreasesSize_TestD1Ev called 1 returned 100% blocks executed 100%
function _ZN43DynamicArrayTest_PushBackIncreasesSize_TestD0Ev called 1 returned 100% blocks executed 100%
function _ZN43DynamicArrayTest_PushBackIncreasesSize_TestC1Ev called 1 returned 100% blocks executed 100%
function _ZN43DynamicArrayTest_PushBackIncreasesSize_TestC2Ev called 1 returned 100% blocks executed 100%
function _ZN43DynamicArrayTest_PushBackIncreasesSize_TestD2Ev called 1 returned 100% blocks executed 100%
        9:   15:    TEST_F(DynamicArrayTest, PushBackIncreasesSize) {
branch  0 taken 100%
branch  1 taken 0%
branch  2 taken 100%
branch  3 taken 0%
branch  4 taken 100%
branch  5 taken 0%
branch  6 taken 100%
branch  7 taken 0%
branch  8 taken 100%
branch  9 taken 0%
branch 10 taken 100%
branch 11 taken 0%
branch 12 taken 100%
branch 13 taken 0%
branch 14 taken 100%
branch 15 taken 0%
        1:   16:    DynamicArray<int> arr;
        1:   17:    arr.PushBack(10);
branch  0 taken 100%
branch  1 taken 0%
        1:   18:    EXPECT_EQ(arr.GetSize(), 1);
branch  0 taken 100%
branch  1 taken 0%
branch  2 taken 100%
branch  3 taken 0%
branch  4 taken 100%
branch  5 taken 0%
branch  6 taken 0%
branch  7 taken 100%
branch  8 never executed
branch  9 never executed
branch 10 never executed
branch 11 never executed
branch 12 never executed
branch 13 never executed
branch 14 never executed
branch 15 never executed
        1:   19:    arr.PushBack(20);
branch  0 taken 100%
branch  1 taken 0%
        1:   20:    EXPECT_EQ(arr.GetSize(), 2);
branch  0 taken 100%
branch  1 taken 0%
branch  2 taken 100%
branch  3 taken 0%
branch  4 taken 100%
branch  5 taken 0%
branch  6 taken 0%
branch  7 taken 100%
branch  8 never executed
branch  9 never executed
branch 10 never executed
branch 11 never executed
branch 12 never executed
branch 13 never executed
branch 14 never executed
branch 15 never executed
        1:   21:    }
        -:   22:
function _ZN45DynamicArrayTest_CapacityDoublesWhenFull_Test8TestBodyEv called 1 returned 100% blocks executed 36%
function _ZN45DynamicArrayTest_CapacityDoublesWhenFull_TestD1Ev called 1 returned 100% blocks executed 100%
function _ZN45DynamicArrayTest_CapacityDoublesWhenFull_TestD0Ev called 1 returned 100% blocks executed 100%
function _ZN45DynamicArrayTest_CapacityDoublesWhenFull_TestC1Ev called 1 returned 100% blocks executed 100%
function _ZN45DynamicArrayTest_CapacityDoublesWhenFull_TestC2Ev called 1 returned 100% blocks executed 100%
function _ZN45DynamicArrayTest_CapacityDoublesWhenFull_TestD2Ev called 1 returned 100% blocks executed 100%
        9:   23:    TEST_F(DynamicArrayTest, CapacityDoublesWhenFull) {
branch  0 taken 100%
branch  1 taken 0%
branch  2 taken 100%
branch  3 taken 0%
branch  4 taken 100%
branch  5 taken 0%
branch  6 taken 100%
branch  7 taken 0%
branch  8 taken 100%
branch  9 taken 0%
branch 10 taken 100%
branch 11 taken 0%
branch 12 taken 100%
branch 13 taken 0%
branch 14 taken 100%
branch 15 taken 0%
        1:   24:    DynamicArray<int> arr(2);
        1:   25:    EXPECT_EQ(arr.GetCapacity(), 2);
branch  0 taken 100%
branch  1 taken 0%
branch  2 taken 100%
branch  3 taken 0%
branch  4 taken 100%
branch  5 taken 0%
branch  6 taken 0%
branch  7 taken 100%
branch  8 never executed
branch  9 never executed
branch 10 never executed
branch 11 never executed
branch 12 never executed
branch 13 never executed
branch 14 never executed
branch 15 never executed
        -:   26:
        1:   27:    arr.PushBack(10);
branch  0 taken 100%
branch  1 taken 0%
        1:   28:    arr.PushBack(20);
branch  0 taken 100%
branch  1 taken 0%
        1:   29:    EXPECT_EQ(arr.GetCapacity(), 2);
branch  0 taken 100%
branch  1 taken 0%
branch  2 taken 100%
branch  3 taken 0%
branch  4 taken 100%
branch  5 taken 0%
branch  6 taken 0%
branch  7 taken 100%
branch  8 never executed
branch  9 never executed
branch 10 never executed
branch 11 never executed
branch 12 never executed
branch 13 never executed
branch 14 never executed
branch 15 never executed
        -:   30:
        1:   31:    arr.PushBack(30); 
branch  0 taken 100%
branch  1 taken 0%
        1:   32:    EXPECT_EQ(arr.GetCapacity(), 4);
branch  0 taken 100%
branch  1 taken 0%
branch  2 taken 100%
branch  3 taken 0%
branch  4 taken 100%
branch  5 taken 0%
branch  6 taken 0%
branch  7 taken 100%
branch  8 never executed
branch  9 never executed
branch 10 never executed
branch 11 never executed
branch 12 never executed
branch 13 never executed
branch 14 never executed
branch 15 never executed
        1:   33:    }
        -:   34:
function _ZN47DynamicArrayTest_ElementsAreCorrectlyAdded_Test8TestBodyEv called 0 returned 0% blocks executed 0%
function _ZN47DynamicArrayTest_ElementsAreCorrectlyAdded_TestD1Ev called 0 returned 0% blocks executed 0%
function _ZN47DynamicArrayTest_ElementsAreCorrectlyAdded_TestD0Ev called 0 returned 0% blocks executed 0%
function _ZN47DynamicArrayTest_ElementsAreCorrectlyAdded_TestC1Ev called 0 returned 0% blocks executed 0%
function _ZN47DynamicArrayTest_ElementsAreCorrectlyAdded_TestC2Ev called 0 returned 0% blocks executed 0%
function _ZN47DynamicArrayTest_ElementsAreCorrectlyAdded_TestD2Ev called 0 returned 0% blocks executed 0%
        3:   35:    TEST_F(DynamicArrayTest, ElementsAreCorrectlyAdded) {
branch  0 taken 100%
branch  1 taken 0%
branch  2 taken 100%
branch  3 taken 0%
branch  4 taken 100%
branch  5 taken 0%
branch  6 taken 100%
branch  7 taken 0%
branch  8 taken 100%
branch  9 taken 0%
branch 10 taken 100%
branch 11 taken 0%
branch 12 taken 100%
branch 13 taken 0%
branch 14 taken 100%
branch 15 taken 0%
    #####:   36:    DynamicArray<int> arr;
    #####:   37:    arr.PushBack(10);
branch  0 never executed
branch  1 never executed
    #####:   38:    arr.PushBack(20);
branch  0 never executed
branch  1 never executed
    #####:   39:    EXPECT_EQ(arr[0], 10);
branch  0 never executed
branch  1 never executed
branch  2 never executed
branch  3 never executed
branch  4 never executed
branch  5 never executed
branch  6 never executed
branch  7 never executed
branch  8 never executed
branch  9 never executed
branch 10 never executed
branch 11 never executed
branch 12 never executed
branch 13 never executed
branch 14 never executed
branch 15 never executed
    #####:   40:    EXPECT_EQ(arr[1], 20);
branch  0 never executed
branch  1 never executed
branch  2 never executed
branch  3 never executed
branch  4 never executed
branch  5 never executed
branch  6 never executed
branch  7 never executed
branch  8 never executed
branch  9 never executed
branch 10 never executed
branch 11 never executed
branch 12 never executed
branch 13 never executed
branch 14 never executed
branch 15 never executed
    #####:   41:    }
        -:   42:
function _ZN42DynamicArrayTest_PopBackDecreasesSize_Test8TestBodyEv called 0 returned 0% blocks executed 0%
function _ZN42DynamicArrayTest_PopBackDecreasesSize_TestD1Ev called 0 returned 0% blocks executed 0%
function _ZN42DynamicArrayTest_PopBackDecreasesSize_TestD0Ev called 0 returned 0% blocks executed 0%
function _ZN42DynamicArrayTest_PopBackDecreasesSize_TestC1Ev called 0 returned 0% blocks executed 0%
function _ZN42DynamicArrayTest_PopBackDecreasesSize_TestC2Ev called 0 returned 0% blocks executed 0%
function _ZN42DynamicArrayTest_PopBackDecreasesSize_TestD2Ev called 0 returned 0% blocks executed 0%
        3:   43:    TEST_F(DynamicArrayTest, PopBackDecreasesSize) {
branch  0 taken 100%
branch  1 taken 0%
branch  2 taken 100%
branch  3 taken 0%
branch  4 taken 100%
branch  5 taken 0%
branch  6 taken 100%
branch  7 taken 0%
branch  8 taken 100%
branch  9 taken 0%
branch 10 taken 100%
branch 11 taken 0%
branch 12 taken 100%
branch 13 taken 0%
branch 14 taken 100%
branch 15 taken 0%
    #####:   44:    DynamicArray<int> arr;
    #####:   45:    arr.PushBack(10);
branch  0 never executed
branch  1 never executed
    #####:   46:    arr.PushBack(20);
branch  0 never executed
branch  1 never executed
    #####:   47:    EXPECT_EQ(arr.GetSize(), 2);
branch  0 never executed
branch  1 never executed
branch  2 never executed
branch  3 never executed
branch  4 never executed
branch  5 never executed
branch  6 never executed
branch  7 never executed
branch  8 never executed
branch  9 never executed
branch 10 never executed
branch 11 never executed
branch 12 never executed
branch 13 never executed
branch 14 never executed
branch 15 never executed
        -:   48:
    #####:   49:    arr.PopBack();
branch  0 never executed
branch  1 never executed
    #####:   50:    EXPECT_EQ(arr.GetSize(), 1);
branch  0 never executed
branch  1 never executed
branch  2 never executed
branch  3 never executed
branch  4 never executed
branch  5 never executed
branch  6 never executed
branch  7 never executed
branch  8 never executed
branch  9 never executed
branch 10 never executed
branch 11 never executed
branch 12 never executed
branch 13 never executed
branch 14 never executed
branch 15 never executed
        -:   51:
    #####:   52:    arr.PopBack();
branch  0 never executed
branch  1 never executed
    #####:   53:    EXPECT_EQ(arr.GetSize(), 0);
branch  0 never executed
branch  1 never executed
branch  2 never executed
branch  3 never executed
branch  4 never executed
branch  5 never executed
branch  6 never executed
branch  7 never executed
branch  8 never executed
branch  9 never executed
branch 10 never executed
branch 11 never executed
branch 12 never executed
branch 13 never executed
branch 14 never executed
branch 15 never executed
    #####:   54:    }
        -:   55:
        -:   56:
function _ZN54DynamicArrayTest_AccessOutOfBoundsThrowsException_Test8TestBodyEv called 0 returned 0% blocks executed 0%
function _ZN54DynamicArrayTest_AccessOutOfBoundsThrowsException_TestD1Ev called 0 returned 0% blocks executed 0%
function _ZN54DynamicArrayTest_AccessOutOfBoundsThrowsException_TestD0Ev called 0 returned 0% blocks executed 0%
function _ZN54DynamicArrayTest_AccessOutOfBoundsThrowsException_TestC1Ev called 0 returned 0% blocks executed 0%
function _ZN54DynamicArrayTest_AccessOutOfBoundsThrowsException_TestC2Ev called 0 returned 0% blocks executed 0%
function _ZN54DynamicArrayTest_AccessOutOfBoundsThrowsException_TestD2Ev called 0 returned 0% blocks executed 0%
        3:   57:    TEST_F(DynamicArrayTest, AccessOutOfBoundsThrowsException) {
branch  0 taken 100%
branch  1 taken 0%
branch  2 taken 100%
branch  3 taken 0%
branch  4 taken 100%
branch  5 taken 0%
branch  6 taken 100%
branch  7 taken 0%
branch  8 taken 100%
branch  9 taken 0%
branch 10 taken 100%
branch 11 taken 0%
branch 12 taken 100%
branch 13 taken 0%
branch 14 taken 100%
branch 15 taken 0%
    #####:   58:    DynamicArray<int> arr;
    #####:   59:    arr.PushBack(10);
branch  0 never executed
branch  1 never executed
    #####:   60:    EXPECT_THROW(arr[1], std::out_of_range);
branch  0 never executed
branch  1 never executed
branch  2 never executed
branch  3 never executed
branch  4 never executed
branch  5 never executed
branch  6 never executed
branch  7 never executed
branch  8 never executed
branch  9 never executed
branch 10 never executed
branch 11 never executed
branch 12 never executed
branch 13 never executed
branch 14 never executed
branch 15 never executed
branch 16 never executed
branch 17 never executed
branch 18 never executed
branch 19 never executed
branch 20 never executed
branch 21 never executed
branch 22 never executed
branch 23 never executed
branch 24 never executed
branch 25 never executed
branch 26 never executed
branch 27 never executed
branch 28 never executed
branch 29 never executed
branch 30 never executed
branch 31 never executed
branch 32 never executed
branch 33 never executed
branch 34 never executed
branch 35 never executed
branch 36 never executed
branch 37 never executed
branch 38 never executed
branch 39 never executed
branch 40 never executed
branch 41 never executed
branch 42 never executed
branch 43 never executed
branch 44 never executed
branch 45 never executed
branch 46 never executed
branch 47 never executed
    #####:   61:    }
        -:   62:
        -:   63:
function _ZN37DynamicArrayTest_ClearResetsSize_Test8TestBodyEv called 0 returned 0% blocks executed 0%
function _ZN37DynamicArrayTest_ClearResetsSize_TestD1Ev called 0 returned 0% blocks executed 0%
function _ZN37DynamicArrayTest_ClearResetsSize_TestD0Ev called 0 returned 0% blocks executed 0%
function _ZN37DynamicArrayTest_ClearResetsSize_TestC1Ev called 0 returned 0% blocks executed 0%
function _ZN37DynamicArrayTest_ClearResetsSize_TestC2Ev called 0 returned 0% blocks executed 0%
function _ZN37DynamicArrayTest_ClearResetsSize_TestD2Ev called 0 returned 0% blocks executed 0%
        3:   64:    TEST_F(DynamicArrayTest, ClearResetsSize) {
branch  0 taken 100%
branch  1 taken 0%
branch  2 taken 100%
branch  3 taken 0%
branch  4 taken 100%
branch  5 taken 0%
branch  6 taken 100%
branch  7 taken 0%
branch  8 taken 100%
branch  9 taken 0%
branch 10 taken 100%
branch 11 taken 0%
branch 12 taken 100%
branch 13 taken 0%
branch 14 taken 100%
branch 15 taken 0%
    #####:   65:    DynamicArray<int> arr;
    #####:   66:    arr.PushBack(10);
branch  0 never executed
branch  1 never executed
    #####:   67:    arr.PushBack(20);
branch  0 never executed
branch  1 never executed
    #####:   68:    EXPECT_EQ(arr.GetSize(), 2);
branch  0 never executed
branch  1 never executed
branch  2 never executed
branch  3 never executed
branch  4 never executed
branch  5 never executed
branch  6 never executed
branch  7 never executed
branch  8 never executed
branch  9 never executed
branch 10 never executed
branch 11 never executed
branch 12 never executed
branch 13 never executed
branch 14 never executed
branch 15 never executed
        -:   69:
    #####:   70:    arr.Clear();
branch  0 never executed
branch  1 never executed
    #####:   71:    EXPECT_EQ(arr.GetSize(), 0);
branch  0 never executed
branch  1 never executed
branch  2 never executed
branch  3 never executed
branch  4 never executed
branch  5 never executed
branch  6 never executed
branch  7 never executed
branch  8 never executed
branch  9 never executed
branch 10 never executed
branch 11 never executed
branch 12 never executed
branch 13 never executed
branch 14 never executed
branch 15 never executed
    #####:   72:    }
        -:   73:
        -:   74:
function main called 3 returned 100% blocks executed 100%
        3:   75:int main(int argc, char **argv) {
        3:   76:   ::testing::InitGoogleTest(&argc, argv);
        3:   77:   return RUN_ALL_TESTS();
        -:   78:}
